  Arena.cpp
C:\University\Programm\C++\sem_4\tema_prog\Arena.cpp(1,1): warning C4828: Файл содержит знак, начинающийся со смещения 0xad, который является недопустимым в текущей исходной кодировке (кодовая страница 65001).
C:\University\Programm\C++\sem_4\tema_prog\Arena.cpp(1,1): warning C4828: Файл содержит знак, начинающийся со смещения 0xaf, который является недопустимым в текущей исходной кодировке (кодовая страница 65001).
C:\University\Programm\C++\sem_4\tema_prog\Arena.cpp(1,1): warning C4828: Файл содержит знак, начинающийся со смещения 0xb2, который является недопустимым в текущей исходной кодировке (кодовая страница 65001).
C:\University\Programm\C++\sem_4\tema_prog\Arena.cpp(1,1): warning C4828: Файл содержит знак, начинающийся со смещения 0xb6, который является недопустимым в текущей исходной кодировке (кодовая страница 65001).
C:\University\Programm\C++\sem_4\tema_prog\Arena.cpp(1,1): warning C4828: Файл содержит знак, начинающийся со смещения 0xb9, который является недопустимым в текущей исходной кодировке (кодовая страница 65001).
C:\University\Programm\C++\sem_4\tema_prog\Arena.cpp(1,1): warning C4828: Файл содержит знак, начинающийся со смещения 0xbc, который является недопустимым в текущей исходной кодировке (кодовая страница 65001).
C:\University\Programm\C++\sem_4\tema_prog\Arena.cpp(1,1): warning C4828: Файл содержит знак, начинающийся со смещения 0xc4, который является недопустимым в текущей исходной кодировке (кодовая страница 65001).
C:\University\Programm\C++\sem_4\tema_prog\Arena.cpp(1,1): warning C4828: Файл содержит знак, начинающийся со смещения 0xca, который является недопустимым в текущей исходной кодировке (кодовая страница 65001).
C:\University\Programm\C++\sem_4\tema_prog\Arena.cpp(1,1): warning C4828: Файл содержит знак, начинающийся со смещения 0x105, который является недопустимым в текущей исходной кодировке (кодовая страница 65001).
C:\University\Programm\C++\sem_4\tema_prog\Arena.cpp(1,1): warning C4828: Файл содержит знак, начинающийся со смещения 0x108, который является недопустимым в текущей исходной кодировке (кодовая страница 65001).
C:\University\Programm\C++\sem_4\tema_prog\Arena.cpp(1,1): warning C4828: Файл содержит знак, начинающийся со смещения 0x10b, который является недопустимым в текущей исходной кодировке (кодовая страница 65001).
C:\University\Programm\C++\sem_4\tema_prog\Arena.cpp(1,1): warning C4828: Файл содержит знак, начинающийся со смещения 0x10e, который является недопустимым в текущей исходной кодировке (кодовая страница 65001).
C:\University\Programm\C++\sem_4\tema_prog\Arena.cpp(1,1): warning C4828: Файл содержит знак, начинающийся со смещения 0x112, который является недопустимым в текущей исходной кодировке (кодовая страница 65001).
C:\University\Programm\C++\sem_4\tema_prog\Arena.cpp(1,1): warning C4828: Файл содержит знак, начинающийся со смещения 0x116, который является недопустимым в текущей исходной кодировке (кодовая страница 65001).
C:\University\Programm\C++\sem_4\tema_prog\Arena.cpp(1,1): warning C4828: Файл содержит знак, начинающийся со смещения 0x119, который является недопустимым в текущей исходной кодировке (кодовая страница 65001).
C:\University\Programm\C++\sem_4\tema_prog\Arena.cpp(1,1): warning C4828: Файл содержит знак, начинающийся со смещения 0x177, который является недопустимым в текущей исходной кодировке (кодовая страница 65001).
C:\University\Programm\C++\sem_4\tema_prog\Arena.cpp(1,1): warning C4828: Файл содержит знак, начинающийся со смещения 0x179, который является недопустимым в текущей исходной кодировке (кодовая страница 65001).
C:\University\Programm\C++\sem_4\tema_prog\Arena.cpp(1,1): warning C4828: Файл содержит знак, начинающийся со смещения 0x17c, который является недопустимым в текущей исходной кодировке (кодовая страница 65001).
C:\University\Programm\C++\sem_4\tema_prog\Arena.cpp(1,1): warning C4828: Файл содержит знак, начинающийся со смещения 0x180, который является недопустимым в текущей исходной кодировке (кодовая страница 65001).
C:\University\Programm\C++\sem_4\tema_prog\Arena.cpp(1,1): warning C4828: Файл содержит знак, начинающийся со смещения 0x184, который является недопустимым в текущей исходной кодировке (кодовая страница 65001).
C:\University\Programm\C++\sem_4\tema_prog\Arena.cpp(1,1): warning C4828: Файл содержит знак, начинающийся со смещения 0x187, который является недопустимым в текущей исходной кодировке (кодовая страница 65001).
C:\University\Programm\C++\sem_4\tema_prog\Arena.cpp(1,1): warning C4828: Файл содержит знак, начинающийся со смещения 0x188, который является недопустимым в текущей исходной кодировке (кодовая страница 65001).
C:\University\Programm\C++\sem_4\tema_prog\Arena.cpp(1,1): warning C4828: Файл содержит знак, начинающийся со смещения 0x18b, который является недопустимым в текущей исходной кодировке (кодовая страница 65001).
C:\University\Programm\C++\sem_4\tema_prog\Arena.cpp(1,1): warning C4828: Файл содержит знак, начинающийся со смещения 0x18e, который является недопустимым в текущей исходной кодировке (кодовая страница 65001).
C:\University\Programm\C++\sem_4\tema_prog\Arena.cpp(1,1): warning C4828: Файл содержит знак, начинающийся со смещения 0x192, который является недопустимым в текущей исходной кодировке (кодовая страница 65001).
C:\University\Programm\C++\sem_4\tema_prog\Arena.cpp(1,1): warning C4828: Файл содержит знак, начинающийся со смещения 0x195, который является недопустимым в текущей исходной кодировке (кодовая страница 65001).
C:\University\Programm\C++\sem_4\tema_prog\Arena.cpp(1,1): warning C4828: Файл содержит знак, начинающийся со смещения 0x199, который является недопустимым в текущей исходной кодировке (кодовая страница 65001).
C:\University\Programm\C++\sem_4\tema_prog\Arena.cpp(1,1): warning C4828: Файл содержит знак, начинающийся со смещения 0x19e, который является недопустимым в текущей исходной кодировке (кодовая страница 65001).
C:\University\Programm\C++\sem_4\tema_prog\Arena.cpp(1,1): warning C4828: Файл содержит знак, начинающийся со смещения 0x1d4, который является недопустимым в текущей исходной кодировке (кодовая страница 65001).
C:\University\Programm\C++\sem_4\tema_prog\Arena.cpp(1,1): warning C4828: Файл содержит знак, начинающийся со смещения 0x1d7, который является недопустимым в текущей исходной кодировке (кодовая страница 65001).
C:\University\Programm\C++\sem_4\tema_prog\Arena.cpp(1,1): warning C4828: Файл содержит знак, начинающийся со смещения 0x1da, который является недопустимым в текущей исходной кодировке (кодовая страница 65001).
C:\University\Programm\C++\sem_4\tema_prog\Arena.cpp(1,1): warning C4828: Файл содержит знак, начинающийся со смещения 0x1dd, который является недопустимым в текущей исходной кодировке (кодовая страница 65001).
C:\University\Programm\C++\sem_4\tema_prog\Arena.cpp(1,1): warning C4828: Файл содержит знак, начинающийся со смещения 0x1e0, который является недопустимым в текущей исходной кодировке (кодовая страница 65001).
C:\University\Programm\C++\sem_4\tema_prog\Arena.cpp(1,1): warning C4828: Файл содержит знак, начинающийся со смещения 0x1e3, который является недопустимым в текущей исходной кодировке (кодовая страница 65001).
C:\University\Programm\C++\sem_4\tema_prog\Arena.cpp(1,1): warning C4828: Файл содержит знак, начинающийся со смещения 0x1e6, который является недопустимым в текущей исходной кодировке (кодовая страница 65001).
C:\University\Programm\C++\sem_4\tema_prog\Arena.cpp(1,1): warning C4828: Файл содержит знак, начинающийся со смещения 0x1e8, который является недопустимым в текущей исходной кодировке (кодовая страница 65001).
C:\University\Programm\C++\sem_4\tema_prog\Arena.cpp(1,1): warning C4828: Файл содержит знак, начинающийся со смещения 0x1eb, который является недопустимым в текущей исходной кодировке (кодовая страница 65001).
C:\University\Programm\C++\sem_4\tema_prog\Arena.cpp(1,1): warning C4828: Файл содержит знак, начинающийся со смещения 0x261, который является недопустимым в текущей исходной кодировке (кодовая страница 65001).
C:\University\Programm\C++\sem_4\tema_prog\Arena.cpp(1,1): warning C4828: Файл содержит знак, начинающийся со смещения 0x263, который является недопустимым в текущей исходной кодировке (кодовая страница 65001).
C:\University\Programm\C++\sem_4\tema_prog\Arena.cpp(1,1): warning C4828: Файл содержит знак, начинающийся со смещения 0x268, который является недопустимым в текущей исходной кодировке (кодовая страница 65001).
C:\University\Programm\C++\sem_4\tema_prog\Arena.cpp(1,1): warning C4828: Файл содержит знак, начинающийся со смещения 0x26b, который является недопустимым в текущей исходной кодировке (кодовая страница 65001).
C:\University\Programm\C++\sem_4\tema_prog\Arena.cpp(1,1): warning C4828: Файл содержит знак, начинающийся со смещения 0x26e, который является недопустимым в текущей исходной кодировке (кодовая страница 65001).
C:\University\Programm\C++\sem_4\tema_prog\Arena.cpp(1,1): warning C4828: Файл содержит знак, начинающийся со смещения 0x272, который является недопустимым в текущей исходной кодировке (кодовая страница 65001).
C:\University\Programm\C++\sem_4\tema_prog\Arena.cpp(1,1): warning C4828: Файл содержит знак, начинающийся со смещения 0x275, который является недопустимым в текущей исходной кодировке (кодовая страница 65001).
C:\University\Programm\C++\sem_4\tema_prog\Arena.cpp(1,1): warning C4828: Файл содержит знак, начинающийся со смещения 0x278, который является недопустимым в текущей исходной кодировке (кодовая страница 65001).
C:\University\Programm\C++\sem_4\tema_prog\Arena.cpp(1,1): warning C4828: Файл содержит знак, начинающийся со смещения 0x27b, который является недопустимым в текущей исходной кодировке (кодовая страница 65001).
C:\University\Programm\C++\sem_4\tema_prog\Arena.cpp(1,1): warning C4828: Файл содержит знак, начинающийся со смещения 0x27f, который является недопустимым в текущей исходной кодировке (кодовая страница 65001).
C:\University\Programm\C++\sem_4\tema_prog\Arena.cpp(1,1): warning C4828: Файл содержит знак, начинающийся со смещения 0x282, который является недопустимым в текущей исходной кодировке (кодовая страница 65001).
C:\University\Programm\C++\sem_4\tema_prog\Arena.cpp(1,1): warning C4828: Файл содержит знак, начинающийся со смещения 0x2b4, который является недопустимым в текущей исходной кодировке (кодовая страница 65001).
C:\University\Programm\C++\sem_4\tema_prog\Arena.cpp(1,1): warning C4828: Файл содержит знак, начинающийся со смещения 0x2b7, который является недопустимым в текущей исходной кодировке (кодовая страница 65001).
C:\University\Programm\C++\sem_4\tema_prog\Arena.cpp(1,1): warning C4828: Файл содержит знак, начинающийся со смещения 0x2ba, который является недопустимым в текущей исходной кодировке (кодовая страница 65001).
C:\University\Programm\C++\sem_4\tema_prog\Arena.cpp(1,1): warning C4828: Файл содержит знак, начинающийся со смещения 0x2bd, который является недопустимым в текущей исходной кодировке (кодовая страница 65001).
C:\University\Programm\C++\sem_4\tema_prog\Arena.cpp(1,1): warning C4828: Файл содержит знак, начинающийся со смещения 0x2c0, который является недопустимым в текущей исходной кодировке (кодовая страница 65001).
C:\University\Programm\C++\sem_4\tema_prog\Arena.cpp(1,1): warning C4828: Файл содержит знак, начинающийся со смещения 0x2c3, который является недопустимым в текущей исходной кодировке (кодовая страница 65001).
C:\University\Programm\C++\sem_4\tema_prog\Arena.cpp(1,1): warning C4828: Файл содержит знак, начинающийся со смещения 0x2c6, который является недопустимым в текущей исходной кодировке (кодовая страница 65001).
C:\University\Programm\C++\sem_4\tema_prog\Arena.cpp(1,1): warning C4828: Файл содержит знак, начинающийся со смещения 0x2c8, который является недопустимым в текущей исходной кодировке (кодовая страница 65001).
C:\University\Programm\C++\sem_4\tema_prog\Arena.cpp(1,1): warning C4828: Файл содержит знак, начинающийся со смещения 0x2cb, который является недопустимым в текущей исходной кодировке (кодовая страница 65001).
C:\University\Programm\C++\sem_4\tema_prog\Arena.cpp(1,1): warning C4828: Файл содержит знак, начинающийся со смещения 0x34d, который является недопустимым в текущей исходной кодировке (кодовая страница 65001).
C:\University\Programm\C++\sem_4\tema_prog\Arena.cpp(1,1): warning C4828: Файл содержит знак, начинающийся со смещения 0x34f, который является недопустимым в текущей исходной кодировке (кодовая страница 65001).
C:\University\Programm\C++\sem_4\tema_prog\Arena.cpp(1,1): warning C4828: Файл содержит знак, начинающийся со смещения 0x350, который является недопустимым в текущей исходной кодировке (кодовая страница 65001).
C:\University\Programm\C++\sem_4\tema_prog\Arena.cpp(1,1): warning C4828: Файл содержит знак, начинающийся со смещения 0x354, который является недопустимым в текущей исходной кодировке (кодовая страница 65001).
C:\University\Programm\C++\sem_4\tema_prog\Arena.cpp(1,1): warning C4828: Файл содержит знак, начинающийся со смещения 0x357, который является недопустимым в текущей исходной кодировке (кодовая страница 65001).
C:\University\Programm\C++\sem_4\tema_prog\Arena.cpp(1,1): warning C4828: Файл содержит знак, начинающийся со смещения 0x35a, который является недопустимым в текущей исходной кодировке (кодовая страница 65001).
C:\University\Programm\C++\sem_4\tema_prog\Arena.cpp(1,1): warning C4828: Файл содержит знак, начинающийся со смещения 0x35e, который является недопустимым в текущей исходной кодировке (кодовая страница 65001).
C:\University\Programm\C++\sem_4\tema_prog\Arena.cpp(1,1): warning C4828: Файл содержит знак, начинающийся со смещения 0x361, который является недопустимым в текущей исходной кодировке (кодовая страница 65001).
C:\University\Programm\C++\sem_4\tema_prog\Arena.cpp(1,1): warning C4828: Файл содержит знак, начинающийся со смещения 0x364, который является недопустимым в текущей исходной кодировке (кодовая страница 65001).
C:\University\Programm\C++\sem_4\tema_prog\Arena.cpp(1,1): warning C4828: Файл содержит знак, начинающийся со смещения 0x367, который является недопустимым в текущей исходной кодировке (кодовая страница 65001).
C:\University\Programm\C++\sem_4\tema_prog\Arena.cpp(1,1): warning C4828: Файл содержит знак, начинающийся со смещения 0x36b, который является недопустимым в текущей исходной кодировке (кодовая страница 65001).
C:\University\Programm\C++\sem_4\tema_prog\Arena.cpp(1,1): warning C4828: Файл содержит знак, начинающийся со смещения 0x36e, который является недопустимым в текущей исходной кодировке (кодовая страница 65001).
C:\University\Programm\C++\sem_4\tema_prog\Arena.cpp(1,1): warning C4828: Файл содержит знак, начинающийся со смещения 0x3a0, который является недопустимым в текущей исходной кодировке (кодовая страница 65001).
C:\University\Programm\C++\sem_4\tema_prog\Arena.cpp(1,1): warning C4828: Файл содержит знак, начинающийся со смещения 0x3a4, который является недопустимым в текущей исходной кодировке (кодовая страница 65001).
C:\University\Programm\C++\sem_4\tema_prog\Arena.cpp(1,1): warning C4828: Файл содержит знак, начинающийся со смещения 0x3a7, который является недопустимым в текущей исходной кодировке (кодовая страница 65001).
C:\University\Programm\C++\sem_4\tema_prog\Arena.cpp(1,1): warning C4828: Файл содержит знак, начинающийся со смещения 0x3ab, который является недопустимым в текущей исходной кодировке (кодовая страница 65001).
C:\University\Programm\C++\sem_4\tema_prog\Arena.cpp(1,1): warning C4828: Файл содержит знак, начинающийся со смещения 0x3af, который является недопустимым в текущей исходной кодировке (кодовая страница 65001).
C:\University\Programm\C++\sem_4\tema_prog\Arena.cpp(1,1): warning C4828: Файл содержит знак, начинающийся со смещения 0x3b3, который является недопустимым в текущей исходной кодировке (кодовая страница 65001).
C:\University\Programm\C++\sem_4\tema_prog\Arena.cpp(1,1): warning C4828: Файл содержит знак, начинающийся со смещения 0x3b6, который является недопустимым в текущей исходной кодировке (кодовая страница 65001).
C:\University\Programm\C++\sem_4\tema_prog\Arena.cpp(1,1): warning C4828: Файл содержит знак, начинающийся со смещения 0x3b8, который является недопустимым в текущей исходной кодировке (кодовая страница 65001).
C:\University\Programm\C++\sem_4\tema_prog\Arena.cpp(1,1): warning C4828: Файл содержит знак, начинающийся со смещения 0x3bc, который является недопустимым в текущей исходной кодировке (кодовая страница 65001).
C:\University\Programm\C++\sem_4\tema_prog\Arena.cpp(1,1): warning C4828: Файл содержит знак, начинающийся со смещения 0x3bf, который является недопустимым в текущей исходной кодировке (кодовая страница 65001).
C:\University\Programm\C++\sem_4\tema_prog\Arena.cpp(1,1): warning C4828: Файл содержит знак, начинающийся со смещения 0x3c3, который является недопустимым в текущей исходной кодировке (кодовая страница 65001).
C:\University\Programm\C++\sem_4\tema_prog\Arena.cpp(1,1): warning C4828: Файл содержит знак, начинающийся со смещения 0x3c7, который является недопустимым в текущей исходной кодировке (кодовая страница 65001).
C:\University\Programm\C++\sem_4\tema_prog\Arena.cpp(1,1): warning C4828: Файл содержит знак, начинающийся со смещения 0x3cb, который является недопустимым в текущей исходной кодировке (кодовая страница 65001).
C:\University\Programm\C++\sem_4\tema_prog\Arena.cpp(1,1): warning C4828: Файл содержит знак, начинающийся со смещения 0x3ce, который является недопустимым в текущей исходной кодировке (кодовая страница 65001).
C:\University\Programm\C++\sem_4\tema_prog\Arena.cpp(1,1): warning C4828: Файл содержит знак, начинающийся со смещения 0x3d1, который является недопустимым в текущей исходной кодировке (кодовая страница 65001).
C:\University\Programm\C++\sem_4\tema_prog\Arena.cpp(1,1): warning C4828: Файл содержит знак, начинающийся со смещения 0x3d4, который является недопустимым в текущей исходной кодировке (кодовая страница 65001).
C:\University\Programm\C++\sem_4\tema_prog\Arena.cpp(1,1): warning C4828: Файл содержит знак, начинающийся со смещения 0x3d7, который является недопустимым в текущей исходной кодировке (кодовая страница 65001).
C:\University\Programm\C++\sem_4\tema_prog\Arena.cpp(1,1): warning C4828: Файл содержит знак, начинающийся со смещения 0x3da, который является недопустимым в текущей исходной кодировке (кодовая страница 65001).
C:\University\Programm\C++\sem_4\tema_prog\Arena.cpp(1,1): warning C4828: Файл содержит знак, начинающийся со смещения 0x3dd, который является недопустимым в текущей исходной кодировке (кодовая страница 65001).
C:\University\Programm\C++\sem_4\tema_prog\Arena.cpp(1,1): warning C4828: Файл содержит знак, начинающийся со смещения 0x3e1, который является недопустимым в текущей исходной кодировке (кодовая страница 65001).
C:\University\Programm\C++\sem_4\tema_prog\Arena.cpp(1,1): warning C4828: Файл содержит знак, начинающийся со смещения 0x42e, который является недопустимым в текущей исходной кодировке (кодовая страница 65001).
C:\University\Programm\C++\sem_4\tema_prog\Arena.cpp(1,1): warning C4828: Файл содержит знак, начинающийся со смещения 0x432, который является недопустимым в текущей исходной кодировке (кодовая страница 65001).
C:\University\Programm\C++\sem_4\tema_prog\Arena.cpp(1,1): warning C4828: Файл содержит знак, начинающийся со смещения 0x435, который является недопустимым в текущей исходной кодировке (кодовая страница 65001).
C:\University\Programm\C++\sem_4\tema_prog\Arena.cpp(1,1): warning C4828: Файл содержит знак, начинающийся со смещения 0x436, который является недопустимым в текущей исходной кодировке (кодовая страница 65001).
C:\University\Programm\C++\sem_4\tema_prog\Arena.cpp(1,1): warning C4828: Файл содержит знак, начинающийся со смещения 0x439, который является недопустимым в текущей исходной кодировке (кодовая страница 65001).
C:\University\Programm\C++\sem_4\tema_prog\Arena.cpp(1,1): warning C4828: Файл содержит знак, начинающийся со смещения 0x43c, который является недопустимым в текущей исходной кодировке (кодовая страница 65001).
C:\University\Programm\C++\sem_4\tema_prog\Arena.cpp(1,1): warning C4828: Файл содержит знак, начинающийся со смещения 0x43f, который является недопустимым в текущей исходной кодировке (кодовая страница 65001).
C:\University\Programm\C++\sem_4\tema_prog\Arena.cpp(1,1): warning C4828: Файл содержит знак, начинающийся со смещения 0x442, который является недопустимым в текущей исходной кодировке (кодовая страница 65001).
C:\University\Programm\C++\sem_4\tema_prog\Arena.cpp(1,1): warning C4828: Файл содержит знак, начинающийся со смещения 0x446, который является недопустимым в текущей исходной кодировке (кодовая страница 65001).
C:\University\Programm\C++\sem_4\tema_prog\Arena.cpp(1,1): warning C4828: Файл содержит знак, начинающийся со смещения 0x44a, который является недопустимым в текущей исходной кодировке (кодовая страница 65001).
C:\University\Programm\C++\sem_4\tema_prog\Arena.cpp(1,1): warning C4828: Файл содержит знак, начинающийся со смещения 0x44d, который является недопустимым в текущей исходной кодировке (кодовая страница 65001).
C:\University\Programm\C++\sem_4\tema_prog\Arena.cpp(1,1): warning C4828: Файл содержит знак, начинающийся со смещения 0x450, который является недопустимым в текущей исходной кодировке (кодовая страница 65001).
C:\University\Programm\C++\sem_4\tema_prog\Arena.cpp(1,1): warning C4828: Файл содержит знак, начинающийся со смещения 0x453, который является недопустимым в текущей исходной кодировке (кодовая страница 65001).
C:\University\Programm\C++\sem_4\tema_prog\Arena.cpp(1,1): warning C4828: Файл содержит знак, начинающийся со смещения 0x457, который является недопустимым в текущей исходной кодировке (кодовая страница 65001).
C:\University\Programm\C++\sem_4\tema_prog\Arena.cpp(1,1): warning C4828: Файл содержит знак, начинающийся со смещения 0x45b, который является недопустимым в текущей исходной кодировке (кодовая страница 65001).
C:\University\Programm\C++\sem_4\tema_prog\Arena.cpp(1,1): warning C4828: Файл содержит знак, начинающийся со смещения 0x45e, который является недопустимым в текущей исходной кодировке (кодовая страница 65001).
C:\University\Programm\C++\sem_4\tema_prog\Arena.cpp(1,1): warning C4828: Файл содержит знак, начинающийся со смещения 0x461, который является недопустимым в текущей исходной кодировке (кодовая страница 65001).
C:\University\Programm\C++\sem_4\tema_prog\Arena.cpp(1,1): warning C4828: Файл содержит знак, начинающийся со смещения 0x464, который является недопустимым в текущей исходной кодировке (кодовая страница 65001).
C:\University\Programm\C++\sem_4\tema_prog\Arena.cpp(1,1): warning C4828: Файл содержит знак, начинающийся со смещения 0x4c8, который является недопустимым в текущей исходной кодировке (кодовая страница 65001).
C:\University\Programm\C++\sem_4\tema_prog\Arena.cpp(1,1): warning C4828: Файл содержит знак, начинающийся со смещения 0x4ca, который является недопустимым в текущей исходной кодировке (кодовая страница 65001).
C:\University\Programm\C++\sem_4\tema_prog\Arena.cpp(1,1): warning C4828: Файл содержит знак, начинающийся со смещения 0x4cd, который является недопустимым в текущей исходной кодировке (кодовая страница 65001).
C:\University\Programm\C++\sem_4\tema_prog\Arena.cpp(1,1): warning C4828: Файл содержит знак, начинающийся со смещения 0x4d0, который является недопустимым в текущей исходной кодировке (кодовая страница 65001).
C:\University\Programm\C++\sem_4\tema_prog\Arena.cpp(1,1): warning C4828: Файл содержит знак, начинающийся со смещения 0x4d3, который является недопустимым в текущей исходной кодировке (кодовая страница 65001).
C:\University\Programm\C++\sem_4\tema_prog\Arena.cpp(1,1): warning C4828: Файл содержит знак, начинающийся со смещения 0x4d6, который является недопустимым в текущей исходной кодировке (кодовая страница 65001).
C:\University\Programm\C++\sem_4\tema_prog\Arena.cpp(1,1): warning C4828: Файл содержит знак, начинающийся со смещения 0x4da, который является недопустимым в текущей исходной кодировке (кодовая страница 65001).
C:\University\Programm\C++\sem_4\tema_prog\Arena.cpp(1,1): warning C4828: Файл содержит знак, начинающийся со смещения 0x4dd, который является недопустимым в текущей исходной кодировке (кодовая страница 65001).
C:\University\Programm\C++\sem_4\tema_prog\Arena.cpp(1,1): warning C4828: Файл содержит знак, начинающийся со смещения 0x4e0, который является недопустимым в текущей исходной кодировке (кодовая страница 65001).
C:\University\Programm\C++\sem_4\tema_prog\Arena.cpp(1,1): warning C4828: Файл содержит знак, начинающийся со смещения 0x4ea, который является недопустимым в текущей исходной кодировке (кодовая страница 65001).
C:\University\Programm\C++\sem_4\tema_prog\Arena.cpp(1,1): warning C4828: Файл содержит знак, начинающийся со смещения 0x4ee, который является недопустимым в текущей исходной кодировке (кодовая страница 65001).
C:\University\Programm\C++\sem_4\tema_prog\Arena.cpp(1,1): warning C4828: Файл содержит знак, начинающийся со смещения 0x4f1, который является недопустимым в текущей исходной кодировке (кодовая страница 65001).
C:\University\Programm\C++\sem_4\tema_prog\Arena.cpp(1,1): warning C4828: Файл содержит знак, начинающийся со смещения 0x608, который является недопустимым в текущей исходной кодировке (кодовая страница 65001).
C:\University\Programm\C++\sem_4\tema_prog\Arena.cpp(1,1): warning C4828: Файл содержит знак, начинающийся со смещения 0x60a, который является недопустимым в текущей исходной кодировке (кодовая страница 65001).
C:\University\Programm\C++\sem_4\tema_prog\Arena.cpp(1,1): warning C4828: Файл содержит знак, начинающийся со смещения 0x60d, который является недопустимым в текущей исходной кодировке (кодовая страница 65001).
C:\University\Programm\C++\sem_4\tema_prog\Arena.cpp(1,1): warning C4828: Файл содержит знак, начинающийся со смещения 0x610, который является недопустимым в текущей исходной кодировке (кодовая страница 65001).
C:\University\Programm\C++\sem_4\tema_prog\Arena.cpp(1,1): warning C4828: Файл содержит знак, начинающийся со смещения 0x613, который является недопустимым в текущей исходной кодировке (кодовая страница 65001).
C:\University\Programm\C++\sem_4\tema_prog\Arena.cpp(1,1): warning C4828: Файл содержит знак, начинающийся со смещения 0x616, который является недопустимым в текущей исходной кодировке (кодовая страница 65001).
C:\University\Programm\C++\sem_4\tema_prog\Arena.cpp(1,1): warning C4828: Файл содержит знак, начинающийся со смещения 0x61b, который является недопустимым в текущей исходной кодировке (кодовая страница 65001).
C:\University\Programm\C++\sem_4\tema_prog\Arena.cpp(1,1): warning C4828: Файл содержит знак, начинающийся со смещения 0x61e, который является недопустимым в текущей исходной кодировке (кодовая страница 65001).
C:\University\Programm\C++\sem_4\tema_prog\Arena.cpp(1,1): warning C4828: Файл содержит знак, начинающийся со смещения 0x621, который является недопустимым в текущей исходной кодировке (кодовая страница 65001).
C:\University\Programm\C++\sem_4\tema_prog\Arena.cpp(1,1): warning C4828: Файл содержит знак, начинающийся со смещения 0x625, который является недопустимым в текущей исходной кодировке (кодовая страница 65001).
C:\University\Programm\C++\sem_4\tema_prog\Arena.cpp(1,1): warning C4828: Файл содержит знак, начинающийся со смещения 0x626, который является недопустимым в текущей исходной кодировке (кодовая страница 65001).
C:\University\Programm\C++\sem_4\tema_prog\Arena.cpp(1,1): warning C4828: Файл содержит знак, начинающийся со смещения 0x629, который является недопустимым в текущей исходной кодировке (кодовая страница 65001).
C:\University\Programm\C++\sem_4\tema_prog\Arena.cpp(1,1): warning C4828: Файл содержит знак, начинающийся со смещения 0x62d, который является недопустимым в текущей исходной кодировке (кодовая страница 65001).
C:\University\Programm\C++\sem_4\tema_prog\Arena.cpp(1,1): warning C4828: Файл содержит знак, начинающийся со смещения 0x630, который является недопустимым в текущей исходной кодировке (кодовая страница 65001).
C:\University\Programm\C++\sem_4\tema_prog\Arena.cpp(1,1): warning C4828: Файл содержит знак, начинающийся со смещения 0x640, который является недопустимым в текущей исходной кодировке (кодовая страница 65001).
C:\University\Programm\C++\sem_4\tema_prog\Arena.cpp(1,1): warning C4828: Файл содержит знак, начинающийся со смещения 0x642, который является недопустимым в текущей исходной кодировке (кодовая страница 65001).
C:\University\Programm\C++\sem_4\tema_prog\Arena.cpp(1,1): warning C4828: Файл содержит знак, начинающийся со смещения 0x646, который является недопустимым в текущей исходной кодировке (кодовая страница 65001).
C:\University\Programm\C++\sem_4\tema_prog\Arena.cpp(1,1): warning C4828: Файл содержит знак, начинающийся со смещения 0x648, который является недопустимым в текущей исходной кодировке (кодовая страница 65001).
C:\University\Programm\C++\sem_4\tema_prog\Arena.cpp(1,1): warning C4828: Файл содержит знак, начинающийся со смещения 0x64b, который является недопустимым в текущей исходной кодировке (кодовая страница 65001).
C:\University\Programm\C++\sem_4\tema_prog\Arena.cpp(1,1): warning C4828: Файл содержит знак, начинающийся со смещения 0x64e, который является недопустимым в текущей исходной кодировке (кодовая страница 65001).
C:\University\Programm\C++\sem_4\tema_prog\Arena.cpp(1,1): warning C4828: Файл содержит знак, начинающийся со смещения 0x64f, который является недопустимым в текущей исходной кодировке (кодовая страница 65001).
C:\University\Programm\C++\sem_4\tema_prog\Arena.cpp(1,1): warning C4828: Файл содержит знак, начинающийся со смещения 0x651, который является недопустимым в текущей исходной кодировке (кодовая страница 65001).
C:\University\Programm\C++\sem_4\tema_prog\Arena.cpp(1,1): warning C4828: Файл содержит знак, начинающийся со смещения 0x654, который является недопустимым в текущей исходной кодировке (кодовая страница 65001).
C:\University\Programm\C++\sem_4\tema_prog\Arena.cpp(1,1): warning C4828: Файл содержит знак, начинающийся со смещения 0x657, который является недопустимым в текущей исходной кодировке (кодовая страница 65001).
C:\University\Programm\C++\sem_4\tema_prog\Arena.cpp(1,1): warning C4828: Файл содержит знак, начинающийся со смещения 0x65a, который является недопустимым в текущей исходной кодировке (кодовая страница 65001).
C:\University\Programm\C++\sem_4\tema_prog\Arena.cpp(1,1): warning C4828: Файл содержит знак, начинающийся со смещения 0x6dc, который является недопустимым в текущей исходной кодировке (кодовая страница 65001).
C:\University\Programm\C++\sem_4\tema_prog\Arena.cpp(1,1): warning C4828: Файл содержит знак, начинающийся со смещения 0x6de, который является недопустимым в текущей исходной кодировке (кодовая страница 65001).
C:\University\Programm\C++\sem_4\tema_prog\Arena.cpp(1,1): warning C4828: Файл содержит знак, начинающийся со смещения 0x6e1, который является недопустимым в текущей исходной кодировке (кодовая страница 65001).
C:\University\Programm\C++\sem_4\tema_prog\Arena.cpp(1,1): warning C4828: Файл содержит знак, начинающийся со смещения 0x6e4, который является недопустимым в текущей исходной кодировке (кодовая страница 65001).
C:\University\Programm\C++\sem_4\tema_prog\Arena.cpp(1,1): warning C4828: Файл содержит знак, начинающийся со смещения 0x6e6, который является недопустимым в текущей исходной кодировке (кодовая страница 65001).
C:\University\Programm\C++\sem_4\tema_prog\Arena.cpp(1,1): warning C4828: Файл содержит знак, начинающийся со смещения 0x6ea, который является недопустимым в текущей исходной кодировке (кодовая страница 65001).
C:\University\Programm\C++\sem_4\tema_prog\Arena.cpp(1,1): warning C4828: Файл содержит знак, начинающийся со смещения 0x906, который является недопустимым в текущей исходной кодировке (кодовая страница 65001).
C:\University\Programm\C++\sem_4\tema_prog\Arena.cpp(1,1): warning C4828: Файл содержит знак, начинающийся со смещения 0x908, который является недопустимым в текущей исходной кодировке (кодовая страница 65001).
C:\University\Programm\C++\sem_4\tema_prog\Arena.cpp(1,1): warning C4828: Файл содержит знак, начинающийся со смещения 0x90c, который является недопустимым в текущей исходной кодировке (кодовая страница 65001).
C:\University\Programm\C++\sem_4\tema_prog\Arena.cpp(1,1): warning C4828: Файл содержит знак, начинающийся со смещения 0x90f, который является недопустимым в текущей исходной кодировке (кодовая страница 65001).
C:\University\Programm\C++\sem_4\tema_prog\Arena.cpp(1,1): warning C4828: Файл содержит знак, начинающийся со смещения 0x913, который является недопустимым в текущей исходной кодировке (кодовая страница 65001).
C:\University\Programm\C++\sem_4\tema_prog\Arena.cpp(1,1): warning C4828: Файл содержит знак, начинающийся со смещения 0x915, который является недопустимым в текущей исходной кодировке (кодовая страница 65001).
C:\University\Programm\C++\sem_4\tema_prog\Arena.cpp(1,1): warning C4828: Файл содержит знак, начинающийся со смещения 0x918, который является недопустимым в текущей исходной кодировке (кодовая страница 65001).
C:\University\Programm\C++\sem_4\tema_prog\Arena.cpp(1,1): warning C4828: Файл содержит знак, начинающийся со смещения 0x91b, который является недопустимым в текущей исходной кодировке (кодовая страница 65001).
C:\University\Programm\C++\sem_4\tema_prog\Arena.cpp(1,1): warning C4828: Файл содержит знак, начинающийся со смещения 0x91e, который является недопустимым в текущей исходной кодировке (кодовая страница 65001).
C:\University\Programm\C++\sem_4\tema_prog\Arena.cpp(1,1): warning C4828: Файл содержит знак, начинающийся со смещения 0x9a6, который является недопустимым в текущей исходной кодировке (кодовая страница 65001).
C:\University\Programm\C++\sem_4\tema_prog\Arena.cpp(1,1): warning C4828: Файл содержит знак, начинающийся со смещения 0x9a8, который является недопустимым в текущей исходной кодировке (кодовая страница 65001).
C:\University\Programm\C++\sem_4\tema_prog\Arena.cpp(1,1): warning C4828: Файл содержит знак, начинающийся со смещения 0x9ab, который является недопустимым в текущей исходной кодировке (кодовая страница 65001).
C:\University\Programm\C++\sem_4\tema_prog\Arena.cpp(1,1): warning C4828: Файл содержит знак, начинающийся со смещения 0x9ae, который является недопустимым в текущей исходной кодировке (кодовая страница 65001).
C:\University\Programm\C++\sem_4\tema_prog\Arena.cpp(1,1): warning C4828: Файл содержит знак, начинающийся со смещения 0x9b1, который является недопустимым в текущей исходной кодировке (кодовая страница 65001).
C:\University\Programm\C++\sem_4\tema_prog\Arena.cpp(1,1): warning C4828: Файл содержит знак, начинающийся со смещения 0x9b4, который является недопустимым в текущей исходной кодировке (кодовая страница 65001).
C:\University\Programm\C++\sem_4\tema_prog\Arena.cpp(1,1): warning C4828: Файл содержит знак, начинающийся со смещения 0xb20, который является недопустимым в текущей исходной кодировке (кодовая страница 65001).
C:\University\Programm\C++\sem_4\tema_prog\Arena.cpp(1,1): warning C4828: Файл содержит знак, начинающийся со смещения 0xb22, который является недопустимым в текущей исходной кодировке (кодовая страница 65001).
C:\University\Programm\C++\sem_4\tema_prog\Arena.cpp(1,1): warning C4828: Файл содержит знак, начинающийся со смещения 0xb25, который является недопустимым в текущей исходной кодировке (кодовая страница 65001).
C:\University\Programm\C++\sem_4\tema_prog\Arena.cpp(1,1): warning C4828: Файл содержит знак, начинающийся со смещения 0xb29, который является недопустимым в текущей исходной кодировке (кодовая страница 65001).
C:\University\Programm\C++\sem_4\tema_prog\Arena.cpp(1,1): warning C4828: Файл содержит знак, начинающийся со смещения 0xb2c, который является недопустимым в текущей исходной кодировке (кодовая страница 65001).
C:\University\Programm\C++\sem_4\tema_prog\Arena.cpp(1,1): warning C4828: Файл содержит знак, начинающийся со смещения 0xc04, который является недопустимым в текущей исходной кодировке (кодовая страница 65001).
C:\University\Programm\C++\sem_4\tema_prog\Arena.cpp(1,1): warning C4828: Файл содержит знак, начинающийся со смещения 0xc06, который является недопустимым в текущей исходной кодировке (кодовая страница 65001).
C:\University\Programm\C++\sem_4\tema_prog\Arena.cpp(1,1): warning C4828: Файл содержит знак, начинающийся со смещения 0xc09, который является недопустимым в текущей исходной кодировке (кодовая страница 65001).
C:\University\Programm\C++\sem_4\tema_prog\Arena.cpp(1,1): warning C4828: Файл содержит знак, начинающийся со смещения 0xc0d, который является недопустимым в текущей исходной кодировке (кодовая страница 65001).
C:\University\Programm\C++\sem_4\tema_prog\Arena.cpp(1,1): warning C4828: Файл содержит знак, начинающийся со смещения 0xc11, который является недопустимым в текущей исходной кодировке (кодовая страница 65001).
C:\University\Programm\C++\sem_4\tema_prog\Arena.cpp(1,1): warning C4828: Файл содержит знак, начинающийся со смещения 0xcf2, который является недопустимым в текущей исходной кодировке (кодовая страница 65001).
C:\University\Programm\C++\sem_4\tema_prog\Arena.cpp(1,1): warning C4828: Файл содержит знак, начинающийся со смещения 0xcf3, который является недопустимым в текущей исходной кодировке (кодовая страница 65001).
C:\University\Programm\C++\sem_4\tema_prog\Arena.cpp(1,1): warning C4828: Файл содержит знак, начинающийся со смещения 0xcf4, который является недопустимым в текущей исходной кодировке (кодовая страница 65001).
C:\University\Programm\C++\sem_4\tema_prog\Arena.cpp(1,1): warning C4828: Файл содержит знак, начинающийся со смещения 0xcf7, который является недопустимым в текущей исходной кодировке (кодовая страница 65001).
C:\University\Programm\C++\sem_4\tema_prog\Arena.cpp(1,1): warning C4828: Файл содержит знак, начинающийся со смещения 0xcfb, который является недопустимым в текущей исходной кодировке (кодовая страница 65001).
C:\University\Programm\C++\sem_4\tema_prog\Arena.cpp(1,1): warning C4828: Файл содержит знак, начинающийся со смещения 0xd0f, который является недопустимым в текущей исходной кодировке (кодовая страница 65001).
C:\University\Programm\C++\sem_4\tema_prog\Arena.cpp(1,1): warning C4828: Файл содержит знак, начинающийся со смещения 0xd12, который является недопустимым в текущей исходной кодировке (кодовая страница 65001).
C:\University\Programm\C++\sem_4\tema_prog\Arena.cpp(1,1): warning C4828: Файл содержит знак, начинающийся со смещения 0xd30, который является недопустимым в текущей исходной кодировке (кодовая страница 65001).
C:\University\Programm\C++\sem_4\tema_prog\Arena.cpp(1,1): warning C4828: Файл содержит знак, начинающийся со смещения 0xd33, который является недопустимым в текущей исходной кодировке (кодовая страница 65001).
C:\University\Programm\C++\sem_4\tema_prog\Arena.cpp(1,1): warning C4828: Файл содержит знак, начинающийся со смещения 0xd36, который является недопустимым в текущей исходной кодировке (кодовая страница 65001).
C:\University\Programm\C++\sem_4\tema_prog\Arena.cpp(1,1): warning C4828: Файл содержит знак, начинающийся со смещения 0xd39, который является недопустимым в текущей исходной кодировке (кодовая страница 65001).
C:\University\Programm\C++\sem_4\tema_prog\Arena.cpp(1,1): warning C4828: Файл содержит знак, начинающийся со смещения 0xd3c, который является недопустимым в текущей исходной кодировке (кодовая страница 65001).
C:\University\Programm\C++\sem_4\tema_prog\Arena.cpp(1,1): warning C4828: Файл содержит знак, начинающийся со смещения 0xd3f, который является недопустимым в текущей исходной кодировке (кодовая страница 65001).
C:\University\Programm\C++\sem_4\tema_prog\Arena.cpp(1,1): warning C4828: Файл содержит знак, начинающийся со смещения 0xd43, который является недопустимым в текущей исходной кодировке (кодовая страница 65001).
C:\University\Programm\C++\sem_4\tema_prog\Arena.cpp(1,1): warning C4828: Файл содержит знак, начинающийся со смещения 0xd4c, который является недопустимым в текущей исходной кодировке (кодовая страница 65001).
C:\University\Programm\C++\sem_4\tema_prog\Arena.cpp(1,1): warning C4828: Файл содержит знак, начинающийся со смещения 0xd4f, который является недопустимым в текущей исходной кодировке (кодовая страница 65001).
C:\University\Programm\C++\sem_4\tema_prog\Arena.cpp(1,1): warning C4828: Файл содержит знак, начинающийся со смещения 0xd53, который является недопустимым в текущей исходной кодировке (кодовая страница 65001).
C:\University\Programm\C++\sem_4\tema_prog\Arena.cpp(1,1): warning C4828: Файл содержит знак, начинающийся со смещения 0xd56, который является недопустимым в текущей исходной кодировке (кодовая страница 65001).
C:\University\Programm\C++\sem_4\tema_prog\Arena.cpp(1,1): warning C4828: Файл содержит знак, начинающийся со смещения 0xd5a, который является недопустимым в текущей исходной кодировке (кодовая страница 65001).
C:\University\Programm\C++\sem_4\tema_prog\Arena.cpp(1,1): warning C4828: Файл содержит знак, начинающийся со смещения 0xd5d, который является недопустимым в текущей исходной кодировке (кодовая страница 65001).
C:\University\Programm\C++\sem_4\tema_prog\Arena.cpp(1,1): warning C4828: Файл содержит знак, начинающийся со смещения 0xd60, который является недопустимым в текущей исходной кодировке (кодовая страница 65001).
C:\University\Programm\C++\sem_4\tema_prog\Arena.cpp(1,1): warning C4828: Файл содержит знак, начинающийся со смещения 0xd64, который является недопустимым в текущей исходной кодировке (кодовая страница 65001).
C:\University\Programm\C++\sem_4\tema_prog\Arena.cpp(1,1): warning C4828: Файл содержит знак, начинающийся со смещения 0xd67, который является недопустимым в текущей исходной кодировке (кодовая страница 65001).
C:\University\Programm\C++\sem_4\tema_prog\Arena.cpp(1,1): warning C4828: Файл содержит знак, начинающийся со смещения 0xd6a, который является недопустимым в текущей исходной кодировке (кодовая страница 65001).
C:\University\Programm\C++\sem_4\tema_prog\Arena.cpp(1,1): warning C4828: Файл содержит знак, начинающийся со смещения 0xd6f, который является недопустимым в текущей исходной кодировке (кодовая страница 65001).
C:\University\Programm\C++\sem_4\tema_prog\Arena.cpp(1,1): warning C4828: Файл содержит знак, начинающийся со смещения 0xd72, который является недопустимым в текущей исходной кодировке (кодовая страница 65001).
C:\University\Programm\C++\sem_4\tema_prog\Arena.cpp(1,1): warning C4828: Файл содержит знак, начинающийся со смещения 0xd76, который является недопустимым в текущей исходной кодировке (кодовая страница 65001).
C:\University\Programm\C++\sem_4\tema_prog\Arena.cpp(1,1): warning C4828: Файл содержит знак, начинающийся со смещения 0xfbd, который является недопустимым в текущей исходной кодировке (кодовая страница 65001).
C:\University\Programm\C++\sem_4\tema_prog\Arena.cpp(1,1): warning C4828: Файл содержит знак, начинающийся со смещения 0xfbf, который является недопустимым в текущей исходной кодировке (кодовая страница 65001).
C:\University\Programm\C++\sem_4\tema_prog\Arena.cpp(1,1): warning C4828: Файл содержит знак, начинающийся со смещения 0xfc0, который является недопустимым в текущей исходной кодировке (кодовая страница 65001).
C:\University\Programm\C++\sem_4\tema_prog\Arena.cpp(1,1): warning C4828: Файл содержит знак, начинающийся со смещения 0xfc4, который является недопустимым в текущей исходной кодировке (кодовая страница 65001).
C:\University\Programm\C++\sem_4\tema_prog\Arena.cpp(1,1): warning C4828: Файл содержит знак, начинающийся со смещения 0xfc7, который является недопустимым в текущей исходной кодировке (кодовая страница 65001).
C:\University\Programm\C++\sem_4\tema_prog\Arena.cpp(1,1): warning C4828: Файл содержит знак, начинающийся со смещения 0xfca, который является недопустимым в текущей исходной кодировке (кодовая страница 65001).
C:\University\Programm\C++\sem_4\tema_prog\Arena.cpp(1,1): warning C4828: Файл содержит знак, начинающийся со смещения 0x1036, который является недопустимым в текущей исходной кодировке (кодовая страница 65001).
C:\University\Programm\C++\sem_4\tema_prog\Arena.cpp(1,1): warning C4828: Файл содержит знак, начинающийся со смещения 0x1038, который является недопустимым в текущей исходной кодировке (кодовая страница 65001).
C:\University\Programm\C++\sem_4\tema_prog\Arena.cpp(1,1): warning C4828: Файл содержит знак, начинающийся со смещения 0x103b, который является недопустимым в текущей исходной кодировке (кодовая страница 65001).
C:\University\Programm\C++\sem_4\tema_prog\Arena.cpp(1,1): warning C4828: Файл содержит знак, начинающийся со смещения 0x1040, который является недопустимым в текущей исходной кодировке (кодовая страница 65001).
C:\University\Programm\C++\sem_4\tema_prog\Arena.cpp(1,1): warning C4828: Файл содержит знак, начинающийся со смещения 0x1043, который является недопустимым в текущей исходной кодировке (кодовая страница 65001).
C:\University\Programm\C++\sem_4\tema_prog\Arena.cpp(1,1): warning C4828: Файл содержит знак, начинающийся со смещения 0x1046, который является недопустимым в текущей исходной кодировке (кодовая страница 65001).
C:\University\Programm\C++\sem_4\tema_prog\Arena.cpp(1,1): warning C4828: Файл содержит знак, начинающийся со смещения 0x1047, который является недопустимым в текущей исходной кодировке (кодовая страница 65001).
C:\University\Programm\C++\sem_4\tema_prog\Arena.cpp(1,1): warning C4828: Файл содержит знак, начинающийся со смещения 0x104a, который является недопустимым в текущей исходной кодировке (кодовая страница 65001).
C:\University\Programm\C++\sem_4\tema_prog\Arena.cpp(1,1): warning C4828: Файл содержит знак, начинающийся со смещения 0x104e, который является недопустимым в текущей исходной кодировке (кодовая страница 65001).
C:\University\Programm\C++\sem_4\tema_prog\Arena.cpp(1,1): warning C4828: Файл содержит знак, начинающийся со смещения 0x1052, который является недопустимым в текущей исходной кодировке (кодовая страница 65001).
C:\University\Programm\C++\sem_4\tema_prog\Arena.cpp(1,1): warning C4828: Файл содержит знак, начинающийся со смещения 0x1055, который является недопустимым в текущей исходной кодировке (кодовая страница 65001).
C:\University\Programm\C++\sem_4\tema_prog\Arena.cpp(1,1): warning C4828: Файл содержит знак, начинающийся со смещения 0x1058, который является недопустимым в текущей исходной кодировке (кодовая страница 65001).
C:\University\Programm\C++\sem_4\tema_prog\Arena.cpp(1,1): warning C4828: Файл содержит знак, начинающийся со смещения 0x105a, который является недопустимым в текущей исходной кодировке (кодовая страница 65001).
C:\University\Programm\C++\sem_4\tema_prog\Arena.cpp(1,1): warning C4828: Файл содержит знак, начинающийся со смещения 0x105d, который является недопустимым в текущей исходной кодировке (кодовая страница 65001).
C:\University\Programm\C++\sem_4\tema_prog\Arena.cpp(1,1): warning C4828: Файл содержит знак, начинающийся со смещения 0x105e, который является недопустимым в текущей исходной кодировке (кодовая страница 65001).
C:\University\Programm\C++\sem_4\tema_prog\Arena.cpp(1,1): warning C4828: Файл содержит знак, начинающийся со смещения 0x1113, который является недопустимым в текущей исходной кодировке (кодовая страница 65001).
C:\University\Programm\C++\sem_4\tema_prog\Arena.cpp(1,1): warning C4828: Файл содержит знак, начинающийся со смещения 0x1115, который является недопустимым в текущей исходной кодировке (кодовая страница 65001).
C:\University\Programm\C++\sem_4\tema_prog\Arena.cpp(1,1): warning C4828: Файл содержит знак, начинающийся со смещения 0x1118, который является недопустимым в текущей исходной кодировке (кодовая страница 65001).
C:\University\Programm\C++\sem_4\tema_prog\Arena.cpp(1,1): warning C4828: Файл содержит знак, начинающийся со смещения 0x1119, который является недопустимым в текущей исходной кодировке (кодовая страница 65001).
C:\University\Programm\C++\sem_4\tema_prog\Arena.cpp(1,1): warning C4828: Файл содержит знак, начинающийся со смещения 0x111c, который является недопустимым в текущей исходной кодировке (кодовая страница 65001).
C:\University\Programm\C++\sem_4\tema_prog\Arena.cpp(1,1): warning C4828: Файл содержит знак, начинающийся со смещения 0x111f, который является недопустимым в текущей исходной кодировке (кодовая страница 65001).
C:\University\Programm\C++\sem_4\tema_prog\Arena.cpp(1,1): warning C4828: Файл содержит знак, начинающийся со смещения 0x1122, который является недопустимым в текущей исходной кодировке (кодовая страница 65001).
C:\University\Programm\C++\sem_4\tema_prog\Arena.cpp(1,1): warning C4828: Файл содержит знак, начинающийся со смещения 0x1205, который является недопустимым в текущей исходной кодировке (кодовая страница 65001).
C:\University\Programm\C++\sem_4\tema_prog\Arena.cpp(1,1): warning C4828: Файл содержит знак, начинающийся со смещения 0x1207, который является недопустимым в текущей исходной кодировке (кодовая страница 65001).
C:\University\Programm\C++\sem_4\tema_prog\Arena.cpp(1,1): warning C4828: Файл содержит знак, начинающийся со смещения 0x120a, который является недопустимым в текущей исходной кодировке (кодовая страница 65001).
C:\University\Programm\C++\sem_4\tema_prog\Arena.cpp(1,1): warning C4828: Файл содержит знак, начинающийся со смещения 0x120b, который является недопустимым в текущей исходной кодировке (кодовая страница 65001).
C:\University\Programm\C++\sem_4\tema_prog\Arena.cpp(1,1): warning C4828: Файл содержит знак, начинающийся со смещения 0x120e, который является недопустимым в текущей исходной кодировке (кодовая страница 65001).
C:\University\Programm\C++\sem_4\tema_prog\Arena.cpp(1,1): warning C4828: Файл содержит знак, начинающийся со смещения 0x1211, который является недопустимым в текущей исходной кодировке (кодовая страница 65001).
C:\University\Programm\C++\sem_4\tema_prog\Arena.cpp(1,1): warning C4828: Файл содержит знак, начинающийся со смещения 0x1214, который является недопустимым в текущей исходной кодировке (кодовая страница 65001).
  Characters.cpp
C:\University\Programm\C++\sem_4\tema_prog\Characters.cpp(1,1): warning C4828: Файл содержит знак, начинающийся со смещения 0x14c, который является недопустимым в текущей исходной кодировке (кодовая страница 65001).
C:\University\Programm\C++\sem_4\tema_prog\Characters.cpp(1,1): warning C4828: Файл содержит знак, начинающийся со смещения 0x14f, который является недопустимым в текущей исходной кодировке (кодовая страница 65001).
C:\University\Programm\C++\sem_4\tema_prog\Characters.cpp(1,1): warning C4828: Файл содержит знак, начинающийся со смещения 0x156, который является недопустимым в текущей исходной кодировке (кодовая страница 65001).
C:\University\Programm\C++\sem_4\tema_prog\Characters.cpp(1,1): warning C4828: Файл содержит знак, начинающийся со смещения 0x159, который является недопустимым в текущей исходной кодировке (кодовая страница 65001).
C:\University\Programm\C++\sem_4\tema_prog\Characters.cpp(1,1): warning C4828: Файл содержит знак, начинающийся со смещения 0x161, который является недопустимым в текущей исходной кодировке (кодовая страница 65001).
C:\University\Programm\C++\sem_4\tema_prog\Characters.cpp(1,1): warning C4828: Файл содержит знак, начинающийся со смещения 0x164, который является недопустимым в текущей исходной кодировке (кодовая страница 65001).
C:\University\Programm\C++\sem_4\tema_prog\Characters.cpp(1,1): warning C4828: Файл содержит знак, начинающийся со смещения 0x16a, который является недопустимым в текущей исходной кодировке (кодовая страница 65001).
C:\University\Programm\C++\sem_4\tema_prog\Characters.cpp(1,1): warning C4828: Файл содержит знак, начинающийся со смещения 0x16d, который является недопустимым в текущей исходной кодировке (кодовая страница 65001).
C:\University\Programm\C++\sem_4\tema_prog\Characters.cpp(1,1): warning C4828: Файл содержит знак, начинающийся со смещения 0x174, который является недопустимым в текущей исходной кодировке (кодовая страница 65001).
C:\University\Programm\C++\sem_4\tema_prog\Characters.cpp(1,1): warning C4828: Файл содержит знак, начинающийся со смещения 0x177, который является недопустимым в текущей исходной кодировке (кодовая страница 65001).
C:\University\Programm\C++\sem_4\tema_prog\Characters.cpp(1,1): warning C4828: Файл содержит знак, начинающийся со смещения 0x17b, который является недопустимым в текущей исходной кодировке (кодовая страница 65001).
C:\University\Programm\C++\sem_4\tema_prog\Characters.cpp(1,1): warning C4828: Файл содержит знак, начинающийся со смещения 0x17e, который является недопустимым в текущей исходной кодировке (кодовая страница 65001).
C:\University\Programm\C++\sem_4\tema_prog\Characters.cpp(1,1): warning C4828: Файл содержит знак, начинающийся со смещения 0x188, который является недопустимым в текущей исходной кодировке (кодовая страница 65001).
C:\University\Programm\C++\sem_4\tema_prog\Characters.cpp(1,1): warning C4828: Файл содержит знак, начинающийся со смещения 0x18b, который является недопустимым в текущей исходной кодировке (кодовая страница 65001).
C:\University\Programm\C++\sem_4\tema_prog\Characters.cpp(1,1): warning C4828: Файл содержит знак, начинающийся со смещения 0x18f, который является недопустимым в текущей исходной кодировке (кодовая страница 65001).
C:\University\Programm\C++\sem_4\tema_prog\Characters.cpp(1,1): warning C4828: Файл содержит знак, начинающийся со смещения 0x192, который является недопустимым в текущей исходной кодировке (кодовая страница 65001).
C:\University\Programm\C++\sem_4\tema_prog\Characters.cpp(1,1): warning C4828: Файл содержит знак, начинающийся со смещения 0x199, который является недопустимым в текущей исходной кодировке (кодовая страница 65001).
C:\University\Programm\C++\sem_4\tema_prog\Characters.cpp(1,1): warning C4828: Файл содержит знак, начинающийся со смещения 0x19c, который является недопустимым в текущей исходной кодировке (кодовая страница 65001).
C:\University\Programm\C++\sem_4\tema_prog\Characters.cpp(1,1): warning C4828: Файл содержит знак, начинающийся со смещения 0x19f, который является недопустимым в текущей исходной кодировке (кодовая страница 65001).
C:\University\Programm\C++\sem_4\tema_prog\Characters.cpp(1,1): warning C4828: Файл содержит знак, начинающийся со смещения 0x1a2, который является недопустимым в текущей исходной кодировке (кодовая страница 65001).
C:\University\Programm\C++\sem_4\tema_prog\Characters.cpp(1,1): warning C4828: Файл содержит знак, начинающийся со смещения 0x1a9, который является недопустимым в текущей исходной кодировке (кодовая страница 65001).
C:\University\Programm\C++\sem_4\tema_prog\Characters.cpp(1,1): warning C4828: Файл содержит знак, начинающийся со смещения 0x1ac, который является недопустимым в текущей исходной кодировке (кодовая страница 65001).
C:\University\Programm\C++\sem_4\tema_prog\Characters.cpp(1,1): warning C4828: Файл содержит знак, начинающийся со смещения 0x1af, который является недопустимым в текущей исходной кодировке (кодовая страница 65001).
C:\University\Programm\C++\sem_4\tema_prog\Characters.cpp(1,1): warning C4828: Файл содержит знак, начинающийся со смещения 0x1b2, который является недопустимым в текущей исходной кодировке (кодовая страница 65001).
C:\University\Programm\C++\sem_4\tema_prog\Characters.cpp(1,1): warning C4828: Файл содержит знак, начинающийся со смещения 0x5e0, который является недопустимым в текущей исходной кодировке (кодовая страница 65001).
C:\University\Programm\C++\sem_4\tema_prog\Characters.cpp(1,1): warning C4828: Файл содержит знак, начинающийся со смещения 0x5e2, который является недопустимым в текущей исходной кодировке (кодовая страница 65001).
C:\University\Programm\C++\sem_4\tema_prog\Characters.cpp(1,1): warning C4828: Файл содержит знак, начинающийся со смещения 0x5e5, который является недопустимым в текущей исходной кодировке (кодовая страница 65001).
C:\University\Programm\C++\sem_4\tema_prog\Characters.cpp(1,1): warning C4828: Файл содержит знак, начинающийся со смещения 0x5e8, который является недопустимым в текущей исходной кодировке (кодовая страница 65001).
C:\University\Programm\C++\sem_4\tema_prog\Characters.cpp(1,1): warning C4828: Файл содержит знак, начинающийся со смещения 0x5ef, который является недопустимым в текущей исходной кодировке (кодовая страница 65001).
C:\University\Programm\C++\sem_4\tema_prog\Characters.cpp(1,1): warning C4828: Файл содержит знак, начинающийся со смещения 0x5f1, который является недопустимым в текущей исходной кодировке (кодовая страница 65001).
C:\University\Programm\C++\sem_4\tema_prog\Characters.cpp(1,1): warning C4828: Файл содержит знак, начинающийся со смещения 0x5f4, который является недопустимым в текущей исходной кодировке (кодовая страница 65001).
C:\University\Programm\C++\sem_4\tema_prog\Characters.cpp(1,1): warning C4828: Файл содержит знак, начинающийся со смещения 0x5f7, который является недопустимым в текущей исходной кодировке (кодовая страница 65001).
C:\University\Programm\C++\sem_4\tema_prog\Characters.cpp(1,1): warning C4828: Файл содержит знак, начинающийся со смещения 0x61c, который является недопустимым в текущей исходной кодировке (кодовая страница 65001).
C:\University\Programm\C++\sem_4\tema_prog\Characters.cpp(1,1): warning C4828: Файл содержит знак, начинающийся со смещения 0x61f, который является недопустимым в текущей исходной кодировке (кодовая страница 65001).
C:\University\Programm\C++\sem_4\tema_prog\Characters.cpp(1,1): warning C4828: Файл содержит знак, начинающийся со смещения 0x627, который является недопустимым в текущей исходной кодировке (кодовая страница 65001).
C:\University\Programm\C++\sem_4\tema_prog\Characters.cpp(1,1): warning C4828: Файл содержит знак, начинающийся со смещения 0x62a, который является недопустимым в текущей исходной кодировке (кодовая страница 65001).
C:\University\Programm\C++\sem_4\tema_prog\Characters.cpp(1,1): warning C4828: Файл содержит знак, начинающийся со смещения 0x633, который является недопустимым в текущей исходной кодировке (кодовая страница 65001).
C:\University\Programm\C++\sem_4\tema_prog\Characters.cpp(1,1): warning C4828: Файл содержит знак, начинающийся со смещения 0x636, который является недопустимым в текущей исходной кодировке (кодовая страница 65001).
C:\University\Programm\C++\sem_4\tema_prog\Characters.cpp(1,1): warning C4828: Файл содержит знак, начинающийся со смещения 0x63d, который является недопустимым в текущей исходной кодировке (кодовая страница 65001).
C:\University\Programm\C++\sem_4\tema_prog\Characters.cpp(1,1): warning C4828: Файл содержит знак, начинающийся со смещения 0x640, который является недопустимым в текущей исходной кодировке (кодовая страница 65001).
C:\University\Programm\C++\sem_4\tema_prog\Characters.cpp(1,1): warning C4828: Файл содержит знак, начинающийся со смещения 0x648, который является недопустимым в текущей исходной кодировке (кодовая страница 65001).
C:\University\Programm\C++\sem_4\tema_prog\Characters.cpp(1,1): warning C4828: Файл содержит знак, начинающийся со смещения 0x64b, который является недопустимым в текущей исходной кодировке (кодовая страница 65001).
C:\University\Programm\C++\sem_4\tema_prog\Characters.cpp(1,1): warning C4828: Файл содержит знак, начинающийся со смещения 0x650, который является недопустимым в текущей исходной кодировке (кодовая страница 65001).
C:\University\Programm\C++\sem_4\tema_prog\Characters.cpp(1,1): warning C4828: Файл содержит знак, начинающийся со смещения 0x653, который является недопустимым в текущей исходной кодировке (кодовая страница 65001).
C:\University\Programm\C++\sem_4\tema_prog\Characters.cpp(1,1): warning C4828: Файл содержит знак, начинающийся со смещения 0x65b, который является недопустимым в текущей исходной кодировке (кодовая страница 65001).
C:\University\Programm\C++\sem_4\tema_prog\Characters.cpp(1,1): warning C4828: Файл содержит знак, начинающийся со смещения 0x65e, который является недопустимым в текущей исходной кодировке (кодовая страница 65001).
C:\University\Programm\C++\sem_4\tema_prog\Characters.cpp(1,1): warning C4828: Файл содержит знак, начинающийся со смещения 0x662, который является недопустимым в текущей исходной кодировке (кодовая страница 65001).
C:\University\Programm\C++\sem_4\tema_prog\Characters.cpp(1,1): warning C4828: Файл содержит знак, начинающийся со смещения 0x665, который является недопустимым в текущей исходной кодировке (кодовая страница 65001).
C:\University\Programm\C++\sem_4\tema_prog\Characters.cpp(1,1): warning C4828: Файл содержит знак, начинающийся со смещения 0x66d, который является недопустимым в текущей исходной кодировке (кодовая страница 65001).
C:\University\Programm\C++\sem_4\tema_prog\Characters.cpp(1,1): warning C4828: Файл содержит знак, начинающийся со смещения 0x670, который является недопустимым в текущей исходной кодировке (кодовая страница 65001).
C:\University\Programm\C++\sem_4\tema_prog\Characters.cpp(1,1): warning C4828: Файл содержит знак, начинающийся со смещения 0x673, который является недопустимым в текущей исходной кодировке (кодовая страница 65001).
C:\University\Programm\C++\sem_4\tema_prog\Characters.cpp(1,1): warning C4828: Файл содержит знак, начинающийся со смещения 0x676, который является недопустимым в текущей исходной кодировке (кодовая страница 65001).
C:\University\Programm\C++\sem_4\tema_prog\Characters.cpp(1,1): warning C4828: Файл содержит знак, начинающийся со смещения 0x67e, который является недопустимым в текущей исходной кодировке (кодовая страница 65001).
C:\University\Programm\C++\sem_4\tema_prog\Characters.cpp(1,1): warning C4828: Файл содержит знак, начинающийся со смещения 0x681, который является недопустимым в текущей исходной кодировке (кодовая страница 65001).
C:\University\Programm\C++\sem_4\tema_prog\Characters.cpp(1,1): warning C4828: Файл содержит знак, начинающийся со смещения 0x684, который является недопустимым в текущей исходной кодировке (кодовая страница 65001).
C:\University\Programm\C++\sem_4\tema_prog\Characters.cpp(1,1): warning C4828: Файл содержит знак, начинающийся со смещения 0x687, который является недопустимым в текущей исходной кодировке (кодовая страница 65001).
C:\University\Programm\C++\sem_4\tema_prog\Characters.cpp(1,1): warning C4828: Файл содержит знак, начинающийся со смещения 0x726, который является недопустимым в текущей исходной кодировке (кодовая страница 65001).
C:\University\Programm\C++\sem_4\tema_prog\Characters.cpp(1,1): warning C4828: Файл содержит знак, начинающийся со смещения 0x728, который является недопустимым в текущей исходной кодировке (кодовая страница 65001).
C:\University\Programm\C++\sem_4\tema_prog\Characters.cpp(1,1): warning C4828: Файл содержит знак, начинающийся со смещения 0x72b, который является недопустимым в текущей исходной кодировке (кодовая страница 65001).
C:\University\Programm\C++\sem_4\tema_prog\Characters.cpp(1,1): warning C4828: Файл содержит знак, начинающийся со смещения 0x72f, который является недопустимым в текущей исходной кодировке (кодовая страница 65001).
C:\University\Programm\C++\sem_4\tema_prog\Characters.cpp(1,1): warning C4828: Файл содержит знак, начинающийся со смещения 0x733, который является недопустимым в текущей исходной кодировке (кодовая страница 65001).
C:\University\Programm\C++\sem_4\tema_prog\Characters.cpp(1,1): warning C4828: Файл содержит знак, начинающийся со смещения 0x736, который является недопустимым в текущей исходной кодировке (кодовая страница 65001).
C:\University\Programm\C++\sem_4\tema_prog\Characters.cpp(1,1): warning C4828: Файл содержит знак, начинающийся со смещения 0x739, который является недопустимым в текущей исходной кодировке (кодовая страница 65001).
C:\University\Programm\C++\sem_4\tema_prog\Characters.cpp(1,1): warning C4828: Файл содержит знак, начинающийся со смещения 0x73c, который является недопустимым в текущей исходной кодировке (кодовая страница 65001).
C:\University\Programm\C++\sem_4\tema_prog\Characters.cpp(1,1): warning C4828: Файл содержит знак, начинающийся со смещения 0x740, который является недопустимым в текущей исходной кодировке (кодовая страница 65001).
C:\University\Programm\C++\sem_4\tema_prog\Characters.cpp(1,1): warning C4828: Файл содержит знак, начинающийся со смещения 0x743, который является недопустимым в текущей исходной кодировке (кодовая страница 65001).
C:\University\Programm\C++\sem_4\tema_prog\Characters.cpp(1,1): warning C4828: Файл содержит знак, начинающийся со смещения 0x744, который является недопустимым в текущей исходной кодировке (кодовая страница 65001).
C:\University\Programm\C++\sem_4\tema_prog\Characters.cpp(1,1): warning C4828: Файл содержит знак, начинающийся со смещения 0x746, который является недопустимым в текущей исходной кодировке (кодовая страница 65001).
C:\University\Programm\C++\sem_4\tema_prog\Characters.cpp(1,1): warning C4828: Файл содержит знак, начинающийся со смещения 0x8a5, который является недопустимым в текущей исходной кодировке (кодовая страница 65001).
C:\University\Programm\C++\sem_4\tema_prog\Characters.cpp(1,1): warning C4828: Файл содержит знак, начинающийся со смещения 0x8a8, который является недопустимым в текущей исходной кодировке (кодовая страница 65001).
C:\University\Programm\C++\sem_4\tema_prog\Characters.cpp(1,1): warning C4828: Файл содержит знак, начинающийся со смещения 0x8ac, который является недопустимым в текущей исходной кодировке (кодовая страница 65001).
C:\University\Programm\C++\sem_4\tema_prog\Characters.cpp(1,1): warning C4828: Файл содержит знак, начинающийся со смещения 0x8ad, который является недопустимым в текущей исходной кодировке (кодовая страница 65001).
C:\University\Programm\C++\sem_4\tema_prog\Characters.cpp(1,1): warning C4828: Файл содержит знак, начинающийся со смещения 0x953, который является недопустимым в текущей исходной кодировке (кодовая страница 65001).
C:\University\Programm\C++\sem_4\tema_prog\Characters.cpp(1,1): warning C4828: Файл содержит знак, начинающийся со смещения 0x955, который является недопустимым в текущей исходной кодировке (кодовая страница 65001).
C:\University\Programm\C++\sem_4\tema_prog\Characters.cpp(1,1): warning C4828: Файл содержит знак, начинающийся со смещения 0x958, который является недопустимым в текущей исходной кодировке (кодовая страница 65001).
C:\University\Programm\C++\sem_4\tema_prog\Characters.cpp(1,1): warning C4828: Файл содержит знак, начинающийся со смещения 0x95c, который является недопустимым в текущей исходной кодировке (кодовая страница 65001).
C:\University\Programm\C++\sem_4\tema_prog\Characters.cpp(1,1): warning C4828: Файл содержит знак, начинающийся со смещения 0x960, который является недопустимым в текущей исходной кодировке (кодовая страница 65001).
C:\University\Programm\C++\sem_4\tema_prog\Characters.cpp(1,1): warning C4828: Файл содержит знак, начинающийся со смещения 0x963, который является недопустимым в текущей исходной кодировке (кодовая страница 65001).
C:\University\Programm\C++\sem_4\tema_prog\Characters.cpp(1,1): warning C4828: Файл содержит знак, начинающийся со смещения 0x966, который является недопустимым в текущей исходной кодировке (кодовая страница 65001).
C:\University\Programm\C++\sem_4\tema_prog\Characters.cpp(1,1): warning C4828: Файл содержит знак, начинающийся со смещения 0x969, который является недопустимым в текущей исходной кодировке (кодовая страница 65001).
C:\University\Programm\C++\sem_4\tema_prog\Characters.cpp(1,1): warning C4828: Файл содержит знак, начинающийся со смещения 0x96d, который является недопустимым в текущей исходной кодировке (кодовая страница 65001).
C:\University\Programm\C++\sem_4\tema_prog\Characters.cpp(1,1): warning C4828: Файл содержит знак, начинающийся со смещения 0x970, который является недопустимым в текущей исходной кодировке (кодовая страница 65001).
C:\University\Programm\C++\sem_4\tema_prog\Characters.cpp(1,1): warning C4828: Файл содержит знак, начинающийся со смещения 0x971, который является недопустимым в текущей исходной кодировке (кодовая страница 65001).
C:\University\Programm\C++\sem_4\tema_prog\Characters.cpp(1,1): warning C4828: Файл содержит знак, начинающийся со смещения 0x973, который является недопустимым в текущей исходной кодировке (кодовая страница 65001).
C:\University\Programm\C++\sem_4\tema_prog\Characters.cpp(1,1): warning C4828: Файл содержит знак, начинающийся со смещения 0x9ff, который является недопустимым в текущей исходной кодировке (кодовая страница 65001).
C:\University\Programm\C++\sem_4\tema_prog\Characters.cpp(1,1): warning C4828: Файл содержит знак, начинающийся со смещения 0xa01, который является недопустимым в текущей исходной кодировке (кодовая страница 65001).
C:\University\Programm\C++\sem_4\tema_prog\Characters.cpp(1,1): warning C4828: Файл содержит знак, начинающийся со смещения 0xa04, который является недопустимым в текущей исходной кодировке (кодовая страница 65001).
C:\University\Programm\C++\sem_4\tema_prog\Characters.cpp(1,1): warning C4828: Файл содержит знак, начинающийся со смещения 0xa07, который является недопустимым в текущей исходной кодировке (кодовая страница 65001).
C:\University\Programm\C++\sem_4\tema_prog\Characters.cpp(1,1): warning C4828: Файл содержит знак, начинающийся со смещения 0xa0f, который является недопустимым в текущей исходной кодировке (кодовая страница 65001).
C:\University\Programm\C++\sem_4\tema_prog\Characters.cpp(1,1): warning C4828: Файл содержит знак, начинающийся со смещения 0xa11, который является недопустимым в текущей исходной кодировке (кодовая страница 65001).
C:\University\Programm\C++\sem_4\tema_prog\Characters.cpp(1,1): warning C4828: Файл содержит знак, начинающийся со смещения 0xa14, который является недопустимым в текущей исходной кодировке (кодовая страница 65001).
C:\University\Programm\C++\sem_4\tema_prog\Characters.cpp(1,1): warning C4828: Файл содержит знак, начинающийся со смещения 0xa17, который является недопустимым в текущей исходной кодировке (кодовая страница 65001).
C:\University\Programm\C++\sem_4\tema_prog\Characters.cpp(1,1): warning C4828: Файл содержит знак, начинающийся со смещения 0xa41, который является недопустимым в текущей исходной кодировке (кодовая страница 65001).
C:\University\Programm\C++\sem_4\tema_prog\Characters.cpp(1,1): warning C4828: Файл содержит знак, начинающийся со смещения 0xa44, который является недопустимым в текущей исходной кодировке (кодовая страница 65001).
C:\University\Programm\C++\sem_4\tema_prog\Characters.cpp(1,1): warning C4828: Файл содержит знак, начинающийся со смещения 0xa4c, который является недопустимым в текущей исходной кодировке (кодовая страница 65001).
C:\University\Programm\C++\sem_4\tema_prog\Characters.cpp(1,1): warning C4828: Файл содержит знак, начинающийся со смещения 0xa4f, который является недопустимым в текущей исходной кодировке (кодовая страница 65001).
C:\University\Programm\C++\sem_4\tema_prog\Characters.cpp(1,1): warning C4828: Файл содержит знак, начинающийся со смещения 0xa58, который является недопустимым в текущей исходной кодировке (кодовая страница 65001).
C:\University\Programm\C++\sem_4\tema_prog\Characters.cpp(1,1): warning C4828: Файл содержит знак, начинающийся со смещения 0xa5b, который является недопустимым в текущей исходной кодировке (кодовая страница 65001).
C:\University\Programm\C++\sem_4\tema_prog\Characters.cpp(1,1): warning C4828: Файл содержит знак, начинающийся со смещения 0xa62, который является недопустимым в текущей исходной кодировке (кодовая страница 65001).
C:\University\Programm\C++\sem_4\tema_prog\Characters.cpp(1,1): warning C4828: Файл содержит знак, начинающийся со смещения 0xa65, который является недопустимым в текущей исходной кодировке (кодовая страница 65001).
C:\University\Programm\C++\sem_4\tema_prog\Characters.cpp(1,1): warning C4828: Файл содержит знак, начинающийся со смещения 0xb0f, который является недопустимым в текущей исходной кодировке (кодовая страница 65001).
C:\University\Programm\C++\sem_4\tema_prog\Characters.cpp(1,1): warning C4828: Файл содержит знак, начинающийся со смещения 0xb11, который является недопустимым в текущей исходной кодировке (кодовая страница 65001).
C:\University\Programm\C++\sem_4\tema_prog\Characters.cpp(1,1): warning C4828: Файл содержит знак, начинающийся со смещения 0xb14, который является недопустимым в текущей исходной кодировке (кодовая страница 65001).
C:\University\Programm\C++\sem_4\tema_prog\Characters.cpp(1,1): warning C4828: Файл содержит знак, начинающийся со смещения 0xb18, который является недопустимым в текущей исходной кодировке (кодовая страница 65001).
C:\University\Programm\C++\sem_4\tema_prog\Characters.cpp(1,1): warning C4828: Файл содержит знак, начинающийся со смещения 0xb1c, который является недопустимым в текущей исходной кодировке (кодовая страница 65001).
C:\University\Programm\C++\sem_4\tema_prog\Characters.cpp(1,1): warning C4828: Файл содержит знак, начинающийся со смещения 0xb1f, который является недопустимым в текущей исходной кодировке (кодовая страница 65001).
C:\University\Programm\C++\sem_4\tema_prog\Characters.cpp(1,1): warning C4828: Файл содержит знак, начинающийся со смещения 0xb22, который является недопустимым в текущей исходной кодировке (кодовая страница 65001).
C:\University\Programm\C++\sem_4\tema_prog\Characters.cpp(1,1): warning C4828: Файл содержит знак, начинающийся со смещения 0xb25, который является недопустимым в текущей исходной кодировке (кодовая страница 65001).
C:\University\Programm\C++\sem_4\tema_prog\Characters.cpp(1,1): warning C4828: Файл содержит знак, начинающийся со смещения 0xb29, который является недопустимым в текущей исходной кодировке (кодовая страница 65001).
C:\University\Programm\C++\sem_4\tema_prog\Characters.cpp(1,1): warning C4828: Файл содержит знак, начинающийся со смещения 0xb2c, который является недопустимым в текущей исходной кодировке (кодовая страница 65001).
C:\University\Programm\C++\sem_4\tema_prog\Characters.cpp(1,1): warning C4828: Файл содержит знак, начинающийся со смещения 0xb2d, который является недопустимым в текущей исходной кодировке (кодовая страница 65001).
C:\University\Programm\C++\sem_4\tema_prog\Characters.cpp(1,1): warning C4828: Файл содержит знак, начинающийся со смещения 0xb2f, который является недопустимым в текущей исходной кодировке (кодовая страница 65001).
  Создание кода...
  Project1.vcxproj -> C:\University\Programm\C++\sem_4\tema_prog\x64\Debug\ChaseGame.exe
